msl596
*   7b5c3cf 9th commit (4th on testing)
|\  
| * 41a9f98 7th commit (5th on master).
| *   ea695f9 6th commit (4th on master).
| |\  
| * | a8419bd 5th commit (3rd on master).
* | | eaaebf0 8th commit (3rd on testing).
| |/  
|/|   
* | 1e8af1b 4th commit (2nd on testing).
|/  
* 63c7d7e 3rd commit (1st on testing).
* 88f96f3 1st commit

rns365
*   2290cdf 9th commit (4th on testing).
|\
| * 0d88e71 7th commit (5th on master).
| *   730dd77 6th commit (4th on master).
| |\
| * | 5218c24 5th commit (3rd on master).
* | | c851cc4 8th commit (3rd on testing).
| |/
|/|
* | 83a0527 4th commit (2nd on testing).
|/
* 1ede097 3rd commit (1st on testing).
* e44accd 2nd commit (2nd on master).
* 88bf2a5 1st commit (1st on master)
